2020-07-14 09:30:49.724  INFO 18764 --- [restartedMain] com.sean.InternalSystemApplication       : Starting InternalSystemApplication on SEAN-PC with PID 18764 (D:\JavaPJ\InternalSystem\target\classes started by sean in D:\JavaPJ\InternalSystem)
2020-07-14 09:30:49.736 DEBUG 18764 --- [restartedMain] com.sean.InternalSystemApplication       : Running with Spring Boot v2.1.14.RELEASE, Spring v5.1.15.RELEASE
2020-07-14 09:30:49.737  INFO 18764 --- [restartedMain] com.sean.InternalSystemApplication       : No active profile set, falling back to default profiles: default
2020-07-14 09:30:49.881  INFO 18764 --- [restartedMain] .e.DevToolsPropertyDefaultsPostProcessor : Devtools property defaults active! Set 'spring.devtools.add-properties' to 'false' to disable
2020-07-14 09:30:49.886  INFO 18764 --- [restartedMain] .e.DevToolsPropertyDefaultsPostProcessor : For additional web related logging consider setting the 'logging.level.web' property to 'DEBUG'
2020-07-14 09:30:52.451  INFO 18764 --- [restartedMain] .s.d.r.c.RepositoryConfigurationDelegate : Multiple Spring Data modules found, entering strict repository configuration mode!
2020-07-14 09:30:52.455  INFO 18764 --- [restartedMain] .s.d.r.c.RepositoryConfigurationDelegate : Bootstrapping Spring Data Redis repositories in DEFAULT mode.
2020-07-14 09:30:52.530  INFO 18764 --- [restartedMain] .s.d.r.c.RepositoryConfigurationDelegate : Finished Spring Data repository scanning in 53ms. Found 0 Redis repository interfaces.
2020-07-14 09:30:53.236  INFO 18764 --- [restartedMain] trationDelegate$BeanPostProcessorChecker : Bean 'shiroConfig' of type [com.sean.config.ShiroConfig$$EnhancerBySpringCGLIB$$147643ca] is not eligible for getting processed by all BeanPostProcessors (for example: not eligible for auto-proxying)
2020-07-14 09:30:55.255  INFO 18764 --- [restartedMain] trationDelegate$BeanPostProcessorChecker : Bean 'redisConfig' of type [com.sean.config.RedisConfig$$EnhancerBySpringCGLIB$$5f44cb14] is not eligible for getting processed by all BeanPostProcessors (for example: not eligible for auto-proxying)
2020-07-14 09:30:55.282  INFO 18764 --- [restartedMain] trationDelegate$BeanPostProcessorChecker : Bean 'spring.redis-org.springframework.boot.autoconfigure.data.redis.RedisProperties' of type [org.springframework.boot.autoconfigure.data.redis.RedisProperties] is not eligible for getting processed by all BeanPostProcessors (for example: not eligible for auto-proxying)
2020-07-14 09:30:55.286  INFO 18764 --- [restartedMain] trationDelegate$BeanPostProcessorChecker : Bean 'org.springframework.boot.autoconfigure.data.redis.LettuceConnectionConfiguration' of type [org.springframework.boot.autoconfigure.data.redis.LettuceConnectionConfiguration$$EnhancerBySpringCGLIB$$bf74e7e6] is not eligible for getting processed by all BeanPostProcessors (for example: not eligible for auto-proxying)
2020-07-14 09:30:55.372  INFO 18764 --- [restartedMain] trationDelegate$BeanPostProcessorChecker : Bean 'lettuceClientResources' of type [io.lettuce.core.resource.DefaultClientResources] is not eligible for getting processed by all BeanPostProcessors (for example: not eligible for auto-proxying)
2020-07-14 09:30:55.505  INFO 18764 --- [restartedMain] trationDelegate$BeanPostProcessorChecker : Bean 'redisConnectionFactory' of type [org.springframework.data.redis.connection.lettuce.LettuceConnectionFactory] is not eligible for getting processed by all BeanPostProcessors (for example: not eligible for auto-proxying)
2020-07-14 09:30:55.531  INFO 18764 --- [restartedMain] trationDelegate$BeanPostProcessorChecker : Bean 'redisTemplate' of type [org.springframework.data.redis.core.RedisTemplate] is not eligible for getting processed by all BeanPostProcessors (for example: not eligible for auto-proxying)
2020-07-14 09:30:55.536  INFO 18764 --- [restartedMain] trationDelegate$BeanPostProcessorChecker : Bean 'redisService' of type [com.sean.service.RedisService] is not eligible for getting processed by all BeanPostProcessors (for example: not eligible for auto-proxying)
2020-07-14 09:30:55.537  INFO 18764 --- [restartedMain] trationDelegate$BeanPostProcessorChecker : Bean 'customHashedCredentialsMatcher' of type [com.sean.shiro.CustomHashedCredentialsMatcher] is not eligible for getting processed by all BeanPostProcessors (for example: not eligible for auto-proxying)
2020-07-14 09:30:55.545  INFO 18764 --- [restartedMain] trationDelegate$BeanPostProcessorChecker : Bean 'redisCacheManager' of type [com.sean.shiro.RedisCacheManager] is not eligible for getting processed by all BeanPostProcessors (for example: not eligible for auto-proxying)
2020-07-14 09:30:55.551  INFO 18764 --- [restartedMain] trationDelegate$BeanPostProcessorChecker : Bean 'customRealm' of type [com.sean.shiro.CustomRealm] is not eligible for getting processed by all BeanPostProcessors (for example: not eligible for auto-proxying)
2020-07-14 09:30:55.560  INFO 18764 --- [restartedMain] trationDelegate$BeanPostProcessorChecker : Bean 'securityManager' of type [org.apache.shiro.web.mgt.DefaultWebSecurityManager] is not eligible for getting processed by all BeanPostProcessors (for example: not eligible for auto-proxying)
2020-07-14 09:30:55.576  INFO 18764 --- [restartedMain] trationDelegate$BeanPostProcessorChecker : Bean 'authorizationAttributeSourceAdvisor' of type [org.apache.shiro.spring.security.interceptor.AuthorizationAttributeSourceAdvisor] is not eligible for getting processed by all BeanPostProcessors (for example: not eligible for auto-proxying)
2020-07-14 09:30:56.270  INFO 18764 --- [restartedMain] o.s.b.w.embedded.tomcat.TomcatWebServer  : Tomcat initialized with port(s): 8080 (http)
2020-07-14 09:30:56.291  INFO 18764 --- [restartedMain] o.apache.catalina.core.StandardService   : Starting service [Tomcat]
2020-07-14 09:30:56.291  INFO 18764 --- [restartedMain] org.apache.catalina.core.StandardEngine  : Starting Servlet engine: [Apache Tomcat/9.0.34]
2020-07-14 09:30:56.415  INFO 18764 --- [restartedMain] o.a.c.c.C.[Tomcat].[localhost].[/]       : Initializing Spring embedded WebApplicationContext
2020-07-14 09:30:56.416  INFO 18764 --- [restartedMain] o.s.web.context.ContextLoader            : Root WebApplicationContext: initialization completed in 6530 ms
2020-07-14 09:30:58.415  INFO 18764 --- [restartedMain] pertySourcedRequestMappingHandlerMapping : Mapped URL path [/v2/api-docs] onto method [public org.springframework.http.ResponseEntity<springfox.documentation.spring.web.json.Json> springfox.documentation.swagger2.web.Swagger2Controller.getDocumentation(java.lang.String,javax.servlet.http.HttpServletRequest)]
2020-07-14 09:30:58.680  INFO 18764 --- [restartedMain] o.s.s.concurrent.ThreadPoolTaskExecutor  : Initializing ExecutorService 'applicationTaskExecutor'
2020-07-14 09:30:58.770  INFO 18764 --- [restartedMain] o.s.b.d.a.OptionalLiveReloadServer       : LiveReload server is running on port 35729
2020-07-14 09:30:59.279  INFO 18764 --- [restartedMain] d.s.w.p.DocumentationPluginsBootstrapper : Context refreshed
2020-07-14 09:30:59.300  INFO 18764 --- [restartedMain] d.s.w.p.DocumentationPluginsBootstrapper : Found 1 custom documentation plugin(s)
2020-07-14 09:30:59.404  INFO 18764 --- [restartedMain] s.d.s.w.s.ApiListingReferenceScanner     : Scanning for api listing references
2020-07-14 09:30:59.645  INFO 18764 --- [restartedMain] .d.s.w.r.o.CachingOperationNameGenerator : Generating unique operation named: pageInfoUsingPOST_1
2020-07-14 09:30:59.664  INFO 18764 --- [restartedMain] .d.s.w.r.o.CachingOperationNameGenerator : Generating unique operation named: pageInfoUsingPOST_2
2020-07-14 09:30:59.687  INFO 18764 --- [restartedMain] .d.s.w.r.o.CachingOperationNameGenerator : Generating unique operation named: pageInfoUsingPOST_3
2020-07-14 09:30:59.694  INFO 18764 --- [restartedMain] .d.s.w.r.o.CachingOperationNameGenerator : Generating unique operation named: deleteUserUsingDELETE_1
2020-07-14 09:30:59.706  INFO 18764 --- [restartedMain] .d.s.w.r.o.CachingOperationNameGenerator : Generating unique operation named: pageInfoUsingPOST_4
2020-07-14 09:30:59.716  INFO 18764 --- [restartedMain] .d.s.w.r.o.CachingOperationNameGenerator : Generating unique operation named: deleteUserUsingDELETE_2
2020-07-14 09:30:59.725  INFO 18764 --- [restartedMain] .d.s.w.r.o.CachingOperationNameGenerator : Generating unique operation named: pageInfoUsingPOST_5
2020-07-14 09:30:59.743  INFO 18764 --- [restartedMain] .d.s.w.r.o.CachingOperationNameGenerator : Generating unique operation named: deleteRoleUsingDELETE_1
2020-07-14 09:30:59.755  INFO 18764 --- [restartedMain] .d.s.w.r.o.CachingOperationNameGenerator : Generating unique operation named: pageInfoUsingPOST_6
2020-07-14 09:30:59.765  INFO 18764 --- [restartedMain] .d.s.w.r.o.CachingOperationNameGenerator : Generating unique operation named: deleteUserUsingDELETE_3
2020-07-14 09:30:59.786  INFO 18764 --- [restartedMain] .d.s.w.r.o.CachingOperationNameGenerator : Generating unique operation named: pageInfoUsingPOST_7
2020-07-14 09:30:59.872  INFO 18764 --- [restartedMain] o.s.b.w.embedded.tomcat.TomcatWebServer  : Tomcat started on port(s): 8080 (http) with context path ''
2020-07-14 09:30:59.879  INFO 18764 --- [restartedMain] com.sean.InternalSystemApplication       : Started InternalSystemApplication in 10.99 seconds (JVM running for 14.594)
2020-07-14 09:32:08.255  INFO 18764 --- [http-nio-8080-exec-1] o.a.c.c.C.[Tomcat].[localhost].[/]       : Initializing Spring DispatcherServlet 'dispatcherServlet'
2020-07-14 09:32:08.255  INFO 18764 --- [http-nio-8080-exec-1] o.s.web.servlet.DispatcherServlet        : Initializing Servlet 'dispatcherServlet'
2020-07-14 09:32:08.278  INFO 18764 --- [http-nio-8080-exec-1] o.s.web.servlet.DispatcherServlet        : Completed initialization in 22 ms
2020-07-14 09:32:09.190  INFO 18764 --- [http-nio-8080-exec-2] com.alibaba.druid.pool.DruidDataSource   : {dataSource-1} inited
2020-07-14 09:32:09.196 DEBUG 18764 --- [http-nio-8080-exec-2] c.s.b.m.SysUserMapper.selectByUsername   : ==>  Preparing: select id, username, salt, `password`, phone, dept_id, real_name, nick_name, email, `status`, sex, deleted, create_id, update_id, create_where, create_time, update_time from sys_user where username=? and deleted=1 order by create_time 
2020-07-14 09:32:09.425 DEBUG 18764 --- [http-nio-8080-exec-2] c.s.b.m.SysUserMapper.selectByUsername   : ==> Parameters: admin(String)
2020-07-14 09:32:09.456 DEBUG 18764 --- [http-nio-8080-exec-2] c.s.b.m.SysUserMapper.selectByUsername   : <==      Total: 1
2020-07-14 09:32:09.467 DEBUG 18764 --- [http-nio-8080-exec-2] c.s.b.m.S.getRoleIdsByUserId             : ==>  Preparing: select id, user_id, role_id, create_time from sys_user_role where user_id=? 
2020-07-14 09:32:09.468 DEBUG 18764 --- [http-nio-8080-exec-2] c.s.b.m.S.getRoleIdsByUserId             : ==> Parameters: 9a26f5f1-cbd2-473d-82db-1d6dcf4598f8(String)
2020-07-14 09:32:09.471 DEBUG 18764 --- [http-nio-8080-exec-2] c.s.b.m.S.getRoleIdsByUserId             : <==      Total: 1
2020-07-14 09:32:09.472 DEBUG 18764 --- [http-nio-8080-exec-2] c.s.b.m.S.selectByPrimaryKey             : ==>  Preparing: select id, `name`, description, `status`, create_time, update_time, deleted from sys_role where id = ? 
2020-07-14 09:32:09.474 DEBUG 18764 --- [http-nio-8080-exec-2] c.s.b.m.S.selectByPrimaryKey             : ==> Parameters: UDkrhi234iasdflss(String)
2020-07-14 09:32:09.477 DEBUG 18764 --- [http-nio-8080-exec-2] c.s.b.m.S.selectByPrimaryKey             : <==      Total: 1
2020-07-14 09:32:09.643 DEBUG 18764 --- [http-nio-8080-exec-4] c.s.b.m.S.getRoleIdsByUserId             : ==>  Preparing: select id, user_id, role_id, create_time from sys_user_role where user_id=? 
2020-07-14 09:32:09.644 DEBUG 18764 --- [http-nio-8080-exec-4] c.s.b.m.S.getRoleIdsByUserId             : ==> Parameters: 9a26f5f1-cbd2-473d-82db-1d6dcf4598f8(String)
2020-07-14 09:32:09.648 DEBUG 18764 --- [http-nio-8080-exec-4] c.s.b.m.S.getRoleIdsByUserId             : <==      Total: 1
2020-07-14 09:32:09.649 DEBUG 18764 --- [http-nio-8080-exec-4] c.s.b.m.S.selectByPrimaryKey             : ==>  Preparing: select id, `name`, description, `status`, create_time, update_time, deleted from sys_role where id = ? 
2020-07-14 09:32:09.650 DEBUG 18764 --- [http-nio-8080-exec-4] c.s.b.m.S.selectByPrimaryKey             : ==> Parameters: UDkrhi234iasdflss(String)
2020-07-14 09:32:09.652 DEBUG 18764 --- [http-nio-8080-exec-4] c.s.b.m.S.selectByPrimaryKey             : <==      Total: 1
2020-07-14 09:32:09.654 DEBUG 18764 --- [http-nio-8080-exec-4] c.s.b.m.SysUserMapper.selectByUserId     : ==>  Preparing: select username from sys_user where id=? and deleted=1 
2020-07-14 09:32:09.656 DEBUG 18764 --- [http-nio-8080-exec-4] c.s.b.m.SysUserMapper.selectByUserId     : ==> Parameters: 9a26f5f1-cbd2-473d-82db-1d6dcf4598f8(String)
2020-07-14 09:32:09.660 DEBUG 18764 --- [http-nio-8080-exec-4] c.s.b.m.SysUserMapper.selectByUserId     : <==      Total: 1
2020-07-14 09:32:16.021  INFO 18764 --- [http-nio-8080-exec-6] io.lettuce.core.EpollProvider            : Starting without optional epoll library
2020-07-14 09:32:16.024  INFO 18764 --- [http-nio-8080-exec-6] io.lettuce.core.KqueueProvider           : Starting without optional kqueue library
2020-07-14 09:32:19.915 DEBUG 18764 --- [http-nio-8080-exec-6] c.s.b.m.S.selectAll_COUNT                : ==>  Preparing: SELECT count(0) FROM stock_staff WHERE deleted = 1 
2020-07-14 09:32:19.917 DEBUG 18764 --- [http-nio-8080-exec-6] c.s.b.m.S.selectAll_COUNT                : ==> Parameters: 
2020-07-14 09:32:19.923 DEBUG 18764 --- [http-nio-8080-exec-6] c.s.b.m.S.selectAll_COUNT                : <==      Total: 1
2020-07-14 09:32:19.928 DEBUG 18764 --- [http-nio-8080-exec-6] c.s.b.mapper.StockStaffMapper.selectAll  : ==>  Preparing: select id, staffname, phone, email, dept_id, create_time, update_time, deleted from stock_staff WHERE deleted=1 order by id LIMIT ? 
2020-07-14 09:32:19.931 DEBUG 18764 --- [http-nio-8080-exec-6] c.s.b.mapper.StockStaffMapper.selectAll  : ==> Parameters: 10(Integer)
2020-07-14 09:32:19.934 DEBUG 18764 --- [http-nio-8080-exec-6] c.s.b.mapper.StockStaffMapper.selectAll  : <==      Total: 2
2020-07-14 09:32:43.784 DEBUG 18764 --- [http-nio-8080-exec-9] c.s.b.m.S.selectAll_COUNT                : ==>  Preparing: SELECT count(0) FROM stock_borrow WHERE deleted = 1 
2020-07-14 09:32:43.786 DEBUG 18764 --- [http-nio-8080-exec-10] c.s.b.m.S.selectAllNoPage                : ==>  Preparing: select id, staffname from stock_staff where deleted=1 order by id 
2020-07-14 09:32:43.786 DEBUG 18764 --- [http-nio-8080-exec-9] c.s.b.m.S.selectAll_COUNT                : ==> Parameters: 
2020-07-14 09:32:43.788 DEBUG 18764 --- [http-nio-8080-exec-10] c.s.b.m.S.selectAllNoPage                : ==> Parameters: 
2020-07-14 09:32:43.789 DEBUG 18764 --- [http-nio-8080-exec-9] c.s.b.m.S.selectAll_COUNT                : <==      Total: 1
2020-07-14 09:32:43.790 DEBUG 18764 --- [http-nio-8080-exec-10] c.s.b.m.S.selectAllNoPage                : <==      Total: 2
2020-07-14 09:32:43.791 DEBUG 18764 --- [http-nio-8080-exec-9] c.s.b.m.StockBorrowMapper.selectAll      : ==>  Preparing: select id, goodsname, `number`, unit, create_id, purpose, create_time, update_time, reuse, person_id, borrow_date, expect_return, actual_return, is_borrow, deleted from stock_borrow WHERE deleted=1 order by id DESC LIMIT ? 
2020-07-14 09:32:43.794 DEBUG 18764 --- [http-nio-8080-exec-9] c.s.b.m.StockBorrowMapper.selectAll      : ==> Parameters: 10(Integer)
2020-07-14 09:32:43.797 DEBUG 18764 --- [http-nio-8080-exec-9] c.s.b.m.StockBorrowMapper.selectAll      : <==      Total: 3
2020-07-14 09:32:46.814 DEBUG 18764 --- [http-nio-8080-exec-2] c.s.b.m.S.selectAll_COUNT                : ==>  Preparing: SELECT count(0) FROM stock_borrow WHERE deleted = 1 AND person_id = ? 
2020-07-14 09:32:46.816 DEBUG 18764 --- [http-nio-8080-exec-2] c.s.b.m.S.selectAll_COUNT                : ==> Parameters: 5(String)
2020-07-14 09:32:46.817 DEBUG 18764 --- [http-nio-8080-exec-2] c.s.b.m.S.selectAll_COUNT                : <==      Total: 1
2020-07-14 09:32:46.818 DEBUG 18764 --- [http-nio-8080-exec-2] c.s.b.m.StockBorrowMapper.selectAll      : ==>  Preparing: select id, goodsname, `number`, unit, create_id, purpose, create_time, update_time, reuse, person_id, borrow_date, expect_return, actual_return, is_borrow, deleted from stock_borrow WHERE deleted=1 and person_id=? order by id DESC LIMIT ? 
2020-07-14 09:32:46.821 DEBUG 18764 --- [http-nio-8080-exec-2] c.s.b.m.StockBorrowMapper.selectAll      : ==> Parameters: 5(String), 10(Integer)
2020-07-14 09:32:46.822 DEBUG 18764 --- [http-nio-8080-exec-2] c.s.b.m.StockBorrowMapper.selectAll      : <==      Total: 2
2020-07-14 09:32:48.028 DEBUG 18764 --- [http-nio-8080-exec-4] c.s.b.m.S.selectAll_COUNT                : ==>  Preparing: SELECT count(0) FROM stock_borrow WHERE deleted = 1 AND person_id = ? 
2020-07-14 09:32:48.028 DEBUG 18764 --- [http-nio-8080-exec-4] c.s.b.m.S.selectAll_COUNT                : ==> Parameters: (String)
2020-07-14 09:32:48.029 DEBUG 18764 --- [http-nio-8080-exec-4] c.s.b.m.S.selectAll_COUNT                : <==      Total: 1
2020-07-14 09:33:11.910 DEBUG 18764 --- [http-nio-8080-exec-7] c.s.b.m.S.selectAllNoPage                : ==>  Preparing: select id, staffname from stock_staff where deleted=1 order by id 
2020-07-14 09:33:11.911 DEBUG 18764 --- [http-nio-8080-exec-7] c.s.b.m.S.selectAllNoPage                : ==> Parameters: 
2020-07-14 09:33:11.914 DEBUG 18764 --- [http-nio-8080-exec-7] c.s.b.m.S.selectAllNoPage                : <==      Total: 2
2020-07-14 09:33:11.916 DEBUG 18764 --- [http-nio-8080-exec-8] c.s.b.m.S.selectAll_COUNT                : ==>  Preparing: SELECT count(0) FROM stock_reuse WHERE deleted = 1 
2020-07-14 09:33:11.919 DEBUG 18764 --- [http-nio-8080-exec-8] c.s.b.m.S.selectAll_COUNT                : ==> Parameters: 
2020-07-14 09:33:11.934 DEBUG 18764 --- [http-nio-8080-exec-8] c.s.b.m.S.selectAll_COUNT                : <==      Total: 1
2020-07-14 09:33:11.938 DEBUG 18764 --- [http-nio-8080-exec-8] c.s.b.mapper.StockReuseMapper.selectAll  : ==>  Preparing: select id, goodsname, `number`, unit, create_id, create_time, update_time, reuse, person_id, deleted from stock_reuse WHERE deleted=1 order by id DESC LIMIT ? 
2020-07-14 09:33:11.942 DEBUG 18764 --- [http-nio-8080-exec-8] c.s.b.mapper.StockReuseMapper.selectAll  : ==> Parameters: 10(Integer)
2020-07-14 09:33:11.946 DEBUG 18764 --- [http-nio-8080-exec-8] c.s.b.mapper.StockReuseMapper.selectAll  : <==      Total: 3
2020-07-14 09:33:13.914 DEBUG 18764 --- [http-nio-8080-exec-9] c.s.b.m.S.selectAll_COUNT                : ==>  Preparing: SELECT count(0) FROM stock_reuse WHERE deleted = 1 AND person_id = ? 
2020-07-14 09:33:13.915 DEBUG 18764 --- [http-nio-8080-exec-9] c.s.b.m.S.selectAll_COUNT                : ==> Parameters: 5(Integer)
2020-07-14 09:33:13.916 DEBUG 18764 --- [http-nio-8080-exec-9] c.s.b.m.S.selectAll_COUNT                : <==      Total: 1
2020-07-14 09:33:13.917 DEBUG 18764 --- [http-nio-8080-exec-9] c.s.b.mapper.StockReuseMapper.selectAll  : ==>  Preparing: select id, goodsname, `number`, unit, create_id, create_time, update_time, reuse, person_id, deleted from stock_reuse WHERE deleted=1 and person_id=? order by id DESC LIMIT ? 
2020-07-14 09:33:13.918 DEBUG 18764 --- [http-nio-8080-exec-9] c.s.b.mapper.StockReuseMapper.selectAll  : ==> Parameters: 5(Integer), 10(Integer)
2020-07-14 09:33:13.920 DEBUG 18764 --- [http-nio-8080-exec-9] c.s.b.mapper.StockReuseMapper.selectAll  : <==      Total: 2
2020-07-14 09:33:15.110 DEBUG 18764 --- [http-nio-8080-exec-2] c.s.b.m.S.selectAll_COUNT                : ==>  Preparing: SELECT count(0) FROM stock_reuse WHERE deleted = 1 
2020-07-14 09:33:15.110 DEBUG 18764 --- [http-nio-8080-exec-2] c.s.b.m.S.selectAll_COUNT                : ==> Parameters: 
2020-07-14 09:33:15.112 DEBUG 18764 --- [http-nio-8080-exec-2] c.s.b.m.S.selectAll_COUNT                : <==      Total: 1
2020-07-14 09:33:15.113 DEBUG 18764 --- [http-nio-8080-exec-2] c.s.b.mapper.StockReuseMapper.selectAll  : ==>  Preparing: select id, goodsname, `number`, unit, create_id, create_time, update_time, reuse, person_id, deleted from stock_reuse WHERE deleted=1 order by id DESC LIMIT ? 
2020-07-14 09:33:15.114 DEBUG 18764 --- [http-nio-8080-exec-2] c.s.b.mapper.StockReuseMapper.selectAll  : ==> Parameters: 10(Integer)
2020-07-14 09:33:15.117 DEBUG 18764 --- [http-nio-8080-exec-2] c.s.b.mapper.StockReuseMapper.selectAll  : <==      Total: 3
2020-07-14 09:38:50.485 DEBUG 18764 --- [http-nio-8080-exec-8] c.s.b.m.S.selectAll_COUNT                : ==>  Preparing: SELECT count(0) FROM stock_borrow WHERE deleted = 1 
2020-07-14 09:38:50.485 DEBUG 18764 --- [http-nio-8080-exec-7] c.s.b.m.S.selectAllNoPage                : ==>  Preparing: select id, staffname from stock_staff where deleted=1 order by id 
2020-07-14 09:38:50.486 DEBUG 18764 --- [http-nio-8080-exec-7] c.s.b.m.S.selectAllNoPage                : ==> Parameters: 
2020-07-14 09:38:50.487 DEBUG 18764 --- [http-nio-8080-exec-8] c.s.b.m.S.selectAll_COUNT                : ==> Parameters: 
2020-07-14 09:38:50.489 DEBUG 18764 --- [http-nio-8080-exec-7] c.s.b.m.S.selectAllNoPage                : <==      Total: 2
2020-07-14 09:38:50.489 DEBUG 18764 --- [http-nio-8080-exec-8] c.s.b.m.S.selectAll_COUNT                : <==      Total: 1
2020-07-14 09:38:50.490 DEBUG 18764 --- [http-nio-8080-exec-8] c.s.b.m.StockBorrowMapper.selectAll      : ==>  Preparing: select id, goodsname, `number`, unit, create_id, purpose, create_time, update_time, reuse, person_id, borrow_date, expect_return, actual_return, is_borrow, deleted from stock_borrow WHERE deleted=1 order by id DESC LIMIT ? 
2020-07-14 09:38:50.491 DEBUG 18764 --- [http-nio-8080-exec-8] c.s.b.m.StockBorrowMapper.selectAll      : ==> Parameters: 10(Integer)
2020-07-14 09:38:50.494 DEBUG 18764 --- [http-nio-8080-exec-8] c.s.b.m.StockBorrowMapper.selectAll      : <==      Total: 3
2020-07-14 09:38:52.675 DEBUG 18764 --- [http-nio-8080-exec-9] c.s.b.m.S.selectAll_COUNT                : ==>  Preparing: SELECT count(0) FROM stock_borrow WHERE deleted = 1 AND person_id = ? 
2020-07-14 09:38:52.676 DEBUG 18764 --- [http-nio-8080-exec-9] c.s.b.m.S.selectAll_COUNT                : ==> Parameters: 5(String)
2020-07-14 09:38:52.678 DEBUG 18764 --- [http-nio-8080-exec-9] c.s.b.m.S.selectAll_COUNT                : <==      Total: 1
2020-07-14 09:38:52.679 DEBUG 18764 --- [http-nio-8080-exec-9] c.s.b.m.StockBorrowMapper.selectAll      : ==>  Preparing: select id, goodsname, `number`, unit, create_id, purpose, create_time, update_time, reuse, person_id, borrow_date, expect_return, actual_return, is_borrow, deleted from stock_borrow WHERE deleted=1 and person_id=? order by id DESC LIMIT ? 
2020-07-14 09:38:52.680 DEBUG 18764 --- [http-nio-8080-exec-9] c.s.b.m.StockBorrowMapper.selectAll      : ==> Parameters: 5(String), 10(Integer)
2020-07-14 09:38:52.683 DEBUG 18764 --- [http-nio-8080-exec-9] c.s.b.m.StockBorrowMapper.selectAll      : <==      Total: 2
2020-07-14 09:38:54.586 DEBUG 18764 --- [http-nio-8080-exec-2] c.s.b.m.S.selectAll_COUNT                : ==>  Preparing: SELECT count(0) FROM stock_borrow WHERE deleted = 1 AND person_id = ? 
2020-07-14 09:38:54.586 DEBUG 18764 --- [http-nio-8080-exec-2] c.s.b.m.S.selectAll_COUNT                : ==> Parameters: (String)
2020-07-14 09:38:54.588 DEBUG 18764 --- [http-nio-8080-exec-2] c.s.b.m.S.selectAll_COUNT                : <==      Total: 1
2020-07-14 09:39:47.895 DEBUG 18764 --- [http-nio-8080-exec-4] c.s.b.m.S.selectAll_COUNT                : ==>  Preparing: SELECT count(0) FROM stock_borrow WHERE deleted = 1 AND person_id = ? 
2020-07-14 09:39:47.895 DEBUG 18764 --- [http-nio-8080-exec-4] c.s.b.m.S.selectAll_COUNT                : ==> Parameters: 5(String)
2020-07-14 09:39:47.896 DEBUG 18764 --- [http-nio-8080-exec-4] c.s.b.m.S.selectAll_COUNT                : <==      Total: 1
2020-07-14 09:39:47.897 DEBUG 18764 --- [http-nio-8080-exec-4] c.s.b.m.StockBorrowMapper.selectAll      : ==>  Preparing: select id, goodsname, `number`, unit, create_id, purpose, create_time, update_time, reuse, person_id, borrow_date, expect_return, actual_return, is_borrow, deleted from stock_borrow WHERE deleted=1 and person_id=? order by id DESC LIMIT ? 
2020-07-14 09:39:47.898 DEBUG 18764 --- [http-nio-8080-exec-4] c.s.b.m.StockBorrowMapper.selectAll      : ==> Parameters: 5(String), 10(Integer)
2020-07-14 09:39:47.900 DEBUG 18764 --- [http-nio-8080-exec-4] c.s.b.m.StockBorrowMapper.selectAll      : <==      Total: 2
2020-07-14 09:42:47.195  INFO 18764 --- [Thread-5] o.s.s.concurrent.ThreadPoolTaskExecutor  : Shutting down ExecutorService 'applicationTaskExecutor'
2020-07-14 09:42:47.198  INFO 18764 --- [Thread-5] com.alibaba.druid.pool.DruidDataSource   : {dataSource-1} closing ...
2020-07-14 09:42:47.203  INFO 18764 --- [Thread-5] com.alibaba.druid.pool.DruidDataSource   : {dataSource-1} closed
